0 verbose cli C:\Program Files\nodejs\node.exe D:\nodejs\node_global\node_modules\npm\bin\npm-cli.js
1 info using npm@11.6.2
2 info using node@v20.18.0
3 silly config load:file:D:\nodejs\node_global\node_modules\npm\npmrc
4 silly config load:file:C:\Users\86135\.npmrc
5 silly config load:file:D:\nodejs\node_global\etc\npmrc
6 verbose title npm install uipro-cli
7 verbose argv "install" "--global" "uipro-cli"
8 verbose logfile logs-max:10 dir:D:\pbl6\Project\nodejs\node_cache\_logs\2026-04-08T08_21_04_306Z-
9 verbose logfile D:\pbl6\Project\nodejs\node_cache\_logs\2026-04-08T08_21_04_306Z-debug-0.log
10 silly packumentCache heap:2197815296 maxSize:549453824 maxEntrySize:274726912
11 silly logfile done cleaning log files
12 silly idealTree buildDeps
13 silly fetch manifest uipro-cli@*
14 silly packumentCache full:https://registry.npmmirror.com/uipro-cli cache-miss
15 http fetch GET 200 https://registry.npmmirror.com/uipro-cli 341ms (cache miss)
16 silly packumentCache full:https://registry.npmmirror.com/uipro-cli set size:9286 disposed:false
17 silly placeDep ROOT uipro-cli@2.2.3 OK for:  want: *
18 silly fetch manifest commander@^12.1.0
19 silly packumentCache full:https://registry.npmmirror.com/commander cache-miss
20 silly fetch manifest chalk@^5.3.0
21 silly packumentCache full:https://registry.npmmirror.com/chalk cache-miss
22 silly fetch manifest ora@^8.1.1
23 silly packumentCache full:https://registry.npmmirror.com/ora cache-miss
24 silly fetch manifest prompts@^2.4.2
25 silly packumentCache full:https://registry.npmmirror.com/prompts cache-miss
26 http fetch GET 200 https://registry.npmmirror.com/npm 731ms
27 http fetch GET 200 https://registry.npmmirror.com/commander 324ms (cache miss)
28 silly packumentCache full:https://registry.npmmirror.com/commander set size:62204 disposed:false
29 http fetch GET 200 https://registry.npmmirror.com/ora 348ms (cache miss)
30 silly packumentCache full:https://registry.npmmirror.com/ora set size:26463 disposed:false
31 http fetch GET 200 https://registry.npmmirror.com/chalk 364ms (cache miss)
32 silly packumentCache full:https://registry.npmmirror.com/chalk set size:24910 disposed:false
33 http fetch GET 200 https://registry.npmmirror.com/prompts 367ms (cache miss)
34 silly packumentCache full:https://registry.npmmirror.com/prompts set size:18712 disposed:false
35 silly placeDep node_modules/uipro-cli chalk@5.6.2 OK for: uipro-cli@2.2.3 want: ^5.3.0
36 silly placeDep node_modules/uipro-cli commander@12.1.0 OK for: uipro-cli@2.2.3 want: ^12.1.0
37 silly placeDep node_modules/uipro-cli ora@8.2.0 OK for: uipro-cli@2.2.3 want: ^8.1.1
38 silly placeDep node_modules/uipro-cli prompts@2.4.2 OK for: uipro-cli@2.2.3 want: ^2.4.2
39 silly fetch manifest cli-cursor@^5.0.0
40 silly packumentCache full:https://registry.npmmirror.com/cli-cursor cache-miss
41 silly fetch manifest cli-spinners@^2.9.2
42 silly packumentCache full:https://registry.npmmirror.com/cli-spinners cache-miss
43 silly fetch manifest is-interactive@^2.0.0
44 silly packumentCache full:https://registry.npmmirror.com/is-interactive cache-miss
45 silly fetch manifest is-unicode-supported@^2.0.0
46 silly packumentCache full:https://registry.npmmirror.com/is-unicode-supported cache-miss
47 silly fetch manifest log-symbols@^6.0.0
48 silly packumentCache full:https://registry.npmmirror.com/log-symbols cache-miss
49 silly fetch manifest stdin-discarder@^0.2.2
50 silly packumentCache full:https://registry.npmmirror.com/stdin-discarder cache-miss
51 silly fetch manifest string-width@^7.2.0
52 silly packumentCache full:https://registry.npmmirror.com/string-width cache-miss
53 silly fetch manifest strip-ansi@^7.1.0
54 silly packumentCache full:https://registry.npmmirror.com/strip-ansi cache-miss
55 silly fetch manifest kleur@^3.0.3
56 silly packumentCache full:https://registry.npmmirror.com/kleur cache-miss
57 silly fetch manifest sisteransi@^1.0.5
58 silly packumentCache full:https://registry.npmmirror.com/sisteransi cache-miss
59 http fetch GET 200 https://registry.npmmirror.com/is-interactive 110ms (cache miss)
60 silly packumentCache full:https://registry.npmmirror.com/is-interactive set size:2696 disposed:false
61 http fetch GET 200 https://registry.npmmirror.com/log-symbols 110ms (cache miss)
62 silly packumentCache full:https://registry.npmmirror.com/log-symbols set size:6736 disposed:false
63 http fetch GET 200 https://registry.npmmirror.com/cli-cursor 116ms (cache miss)
64 silly packumentCache full:https://registry.npmmirror.com/cli-cursor set size:3946 disposed:false
65 http fetch GET 200 https://registry.npmmirror.com/is-unicode-supported 137ms (cache miss)
66 silly packumentCache full:https://registry.npmmirror.com/is-unicode-supported set size:4953 disposed:false
67 http fetch GET 200 https://registry.npmmirror.com/cli-spinners 142ms (cache miss)
68 silly packumentCache full:https://registry.npmmirror.com/cli-spinners set size:12769 disposed:false
69 http fetch GET 200 https://registry.npmmirror.com/sisteransi 211ms (cache miss)
70 silly packumentCache full:https://registry.npmmirror.com/sisteransi set size:3997 disposed:false
71 http fetch GET 200 https://registry.npmmirror.com/strip-ansi 216ms (cache miss)
72 silly packumentCache full:https://registry.npmmirror.com/strip-ansi set size:8259 disposed:false
73 http fetch GET 200 https://registry.npmmirror.com/stdin-discarder 221ms (cache miss)
74 silly packumentCache full:https://registry.npmmirror.com/stdin-discarder set size:4286 disposed:false
75 http fetch GET 200 https://registry.npmmirror.com/kleur 229ms (cache miss)
76 silly packumentCache full:https://registry.npmmirror.com/kleur set size:10711 disposed:false
77 http fetch GET 200 https://registry.npmmirror.com/string-width 239ms (cache miss)
78 silly packumentCache full:https://registry.npmmirror.com/string-width set size:13115 disposed:false
79 silly placeDep node_modules/uipro-cli cli-cursor@5.0.0 OK for: ora@8.2.0 want: ^5.0.0
80 silly placeDep node_modules/uipro-cli cli-spinners@2.9.2 OK for: ora@8.2.0 want: ^2.9.2
81 silly placeDep node_modules/uipro-cli is-interactive@2.0.0 OK for: ora@8.2.0 want: ^2.0.0
82 silly placeDep node_modules/uipro-cli is-unicode-supported@2.1.0 OK for: ora@8.2.0 want: ^2.0.0
83 silly placeDep node_modules/uipro-cli log-symbols@6.0.0 OK for: ora@8.2.0 want: ^6.0.0
84 silly placeDep node_modules/uipro-cli stdin-discarder@0.2.2 OK for: ora@8.2.0 want: ^0.2.2
85 silly placeDep node_modules/uipro-cli string-width@7.2.0 OK for: ora@8.2.0 want: ^7.2.0
86 silly placeDep node_modules/uipro-cli strip-ansi@7.2.0 OK for: ora@8.2.0 want: ^7.1.0
87 silly fetch manifest restore-cursor@^5.0.0
88 silly packumentCache full:https://registry.npmmirror.com/restore-cursor cache-miss
89 silly fetch manifest is-unicode-supported@^1.3.0
90 silly packumentCache full:https://registry.npmmirror.com/is-unicode-supported cache-hit
91 silly fetch manifest emoji-regex@^10.3.0
92 silly packumentCache full:https://registry.npmmirror.com/emoji-regex cache-miss
93 silly fetch manifest get-east-asian-width@^1.0.0
94 silly packumentCache full:https://registry.npmmirror.com/get-east-asian-width cache-miss
95 silly fetch manifest ansi-regex@^6.2.2
96 silly packumentCache full:https://registry.npmmirror.com/ansi-regex cache-miss
97 http fetch GET 200 https://registry.npmmirror.com/restore-cursor 80ms (cache miss)
98 silly packumentCache full:https://registry.npmmirror.com/restore-cursor set size:3681 disposed:false
99 http fetch GET 200 https://registry.npmmirror.com/get-east-asian-width 92ms (cache miss)
100 silly packumentCache full:https://registry.npmmirror.com/get-east-asian-width set size:4491 disposed:false
101 http fetch GET 200 https://registry.npmmirror.com/ansi-regex 93ms (cache miss)
102 silly packumentCache full:https://registry.npmmirror.com/ansi-regex set size:9857 disposed:false
103 http fetch GET 200 https://registry.npmmirror.com/emoji-regex 97ms (cache miss)
104 silly packumentCache full:https://registry.npmmirror.com/emoji-regex set size:17651 disposed:false
105 silly placeDep node_modules/uipro-cli restore-cursor@5.1.0 OK for: cli-cursor@5.0.0 want: ^5.0.0
106 silly fetch manifest onetime@^7.0.0
107 silly packumentCache full:https://registry.npmmirror.com/onetime cache-miss
108 silly fetch manifest signal-exit@^4.1.0
109 silly packumentCache full:https://registry.npmmirror.com/signal-exit cache-miss
110 http fetch GET 200 https://registry.npmmirror.com/onetime 81ms (cache miss)
111 silly packumentCache full:https://registry.npmmirror.com/onetime set size:6018 disposed:false
112 http fetch GET 200 https://registry.npmmirror.com/signal-exit 92ms (cache miss)
113 silly packumentCache full:https://registry.npmmirror.com/signal-exit set size:12845 disposed:false
114 silly placeDep node_modules/uipro-cli/node_modules/log-symbols is-unicode-supported@1.3.0 OK for: log-symbols@6.0.0 want: ^1.3.0
115 silly placeDep node_modules/uipro-cli kleur@3.0.3 OK for: prompts@2.4.2 want: ^3.0.3
116 silly placeDep node_modules/uipro-cli sisteransi@1.0.5 OK for: prompts@2.4.2 want: ^1.0.5
117 silly placeDep node_modules/uipro-cli onetime@7.0.0 OK for: restore-cursor@5.1.0 want: ^7.0.0
118 silly placeDep node_modules/uipro-cli signal-exit@4.1.0 OK for: restore-cursor@5.1.0 want: ^4.1.0
119 silly fetch manifest mimic-function@^5.0.0
120 silly packumentCache full:https://registry.npmmirror.com/mimic-function cache-miss
121 http fetch GET 200 https://registry.npmmirror.com/mimic-function 103ms (cache miss)
122 silly packumentCache full:https://registry.npmmirror.com/mimic-function set size:2460 disposed:false
123 silly placeDep node_modules/uipro-cli mimic-function@5.0.1 OK for: onetime@7.0.0 want: ^5.0.0
124 silly placeDep node_modules/uipro-cli emoji-regex@10.6.0 OK for: string-width@7.2.0 want: ^10.3.0
125 silly placeDep node_modules/uipro-cli get-east-asian-width@1.5.0 OK for: string-width@7.2.0 want: ^1.0.0
126 silly placeDep node_modules/uipro-cli ansi-regex@6.2.2 OK for: strip-ansi@7.2.0 want: ^6.2.2
127 silly reify moves {}
128 verbose stack Error: EPERM: operation not permitted, mkdir 'D:\nodejs\node_global\node_modules\uipro-cli'
128 verbose stack     at async mkdir (node:internal/fs/promises:858:10)
128 verbose stack     at async D:\nodejs\node_global\node_modules\npm\node_modules\@npmcli\arborist\lib\arborist\reify.js:576:20
128 verbose stack     at async Promise.allSettled (index 0)
128 verbose stack     at async [reifyPackages] (D:\nodejs\node_global\node_modules\npm\node_modules\@npmcli\arborist\lib\arborist\reify.js:313:11)
128 verbose stack     at async Arborist.reify (D:\nodejs\node_global\node_modules\npm\node_modules\@npmcli\arborist\lib\arborist\reify.js:125:5)
128 verbose stack     at async Install.exec (D:\nodejs\node_global\node_modules\npm\lib\commands\install.js:150:5)
128 verbose stack     at async Npm.exec (D:\nodejs\node_global\node_modules\npm\lib\npm.js:208:9)
128 verbose stack     at async module.exports (D:\nodejs\node_global\node_modules\npm\lib\cli\entry.js:67:5)
129 error code EPERM
130 error syscall mkdir
131 error path D:\nodejs\node_global\node_modules\uipro-cli
132 error errno -4048
133 error Error: EPERM: operation not permitted, mkdir 'D:\nodejs\node_global\node_modules\uipro-cli'
133 error     at async mkdir (node:internal/fs/promises:858:10)
133 error     at async D:\nodejs\node_global\node_modules\npm\node_modules\@npmcli\arborist\lib\arborist\reify.js:576:20
133 error     at async Promise.allSettled (index 0)
133 error     at async [reifyPackages] (D:\nodejs\node_global\node_modules\npm\node_modules\@npmcli\arborist\lib\arborist\reify.js:313:11)
133 error     at async Arborist.reify (D:\nodejs\node_global\node_modules\npm\node_modules\@npmcli\arborist\lib\arborist\reify.js:125:5)
133 error     at async Install.exec (D:\nodejs\node_global\node_modules\npm\lib\commands\install.js:150:5)
133 error     at async Npm.exec (D:\nodejs\node_global\node_modules\npm\lib\npm.js:208:9)
133 error     at async module.exports (D:\nodejs\node_global\node_modules\npm\lib\cli\entry.js:67:5) {
133 error   errno: -4048,
133 error   code: 'EPERM',
133 error   syscall: 'mkdir',
133 error   path: 'D:\\nodejs\\node_global\\node_modules\\uipro-cli'
133 error }
134 error
134 error The operation was rejected by your operating system.
134 error It's possible that the file was already in use (by a text editor or antivirus),
134 error or that you lack permissions to access it.
134 error
134 error If you believe this might be a permissions issue, please double-check the
134 error permissions of the file and its containing directories, or try running
134 error the command again as root/Administrator.
135 silly unfinished npm timer reify 1775636465814
136 silly unfinished npm timer reify:createSparse 1775636467306
137 verbose cwd D:\pbl6\Project
138 verbose os Windows_NT 10.0.26100
139 verbose node v20.18.0
140 verbose npm  v11.6.2
141 notice
141 notice New [33mminor[39m version of npm available! [33m11.6.2[39m -> [34m11.12.1[39m
141 notice Changelog: [34mhttps://github.com/npm/cli/releases/tag/v11.12.1[39m
141 notice To update run: [4mnpm install -g npm@11.12.1[24m
141 notice  { force: true, [Symbol(proc-log.meta)]: true }
142 verbose exit -4048
143 verbose code -4048
144 error A complete log of this run can be found in: D:\pbl6\Project\nodejs\node_cache\_logs\2026-04-08T08_21_04_306Z-debug-0.log
